<?xml version="1.0" encoding="UTF-8"?>
<testng-results ignored="0" total="1" passed="1" failed="0" skipped="0">
  <reporter-output>
  </reporter-output>
  <suite started-at="2024-02-24T12:31:03 IST" name="Default suite" finished-at="2024-02-24T12:32:22 IST" duration-ms="78073">
    <groups>
    </groups>
    <test started-at="2024-02-24T12:31:03 IST" name="Default test" finished-at="2024-02-24T12:32:22 IST" duration-ms="78073">
      <class name="com.autom.qa.test.Registerpagetest">
        <test-method is-config="true" signature="browsersetup()[pri:0, instance:com.autom.qa.test.Registerpagetest@6c4906d3]" started-at="2024-02-24T12:31:07 IST" name="browsersetup" finished-at="2024-02-24T12:31:29 IST" duration-ms="22281" status="PASS">
          <reporter-output>
          </reporter-output>
        </test-method> <!-- browsersetup -->
        <test-method signature="createuser(java.lang.String,java.lang.String,java.lang.String,java.lang.String,java.lang.String,java.lang.String,java.lang.String,java.lang.String,java.lang.String,java.lang.String,java.lang.String,java.lang.String,java.lang.String,java.lang.String,java.lang.String,java.lang.String,java.lang.String)[pri:1, instance:com.autom.qa.test.Registerpagetest@6c4906d3]" started-at="2024-02-24T12:31:30 IST" name="createuser" data-provider="createTestdatas" finished-at="2024-02-24T12:32:21 IST" duration-ms="51949" status="PASS">
          <params>
            <param index="0">
              <value>
                <![CDATA[Hridhya]]>
              </value>
            </param>
            <param index="1">
              <value>
                <![CDATA[hridhya123@gmail.com]]>
              </value>
            </param>
            <param index="2">
              <value>
                <![CDATA[Mrs]]>
              </value>
            </param>
            <param index="3">
              <value>
                <![CDATA[Hridhya@1234]]>
              </value>
            </param>
            <param index="4">
              <value>
                <![CDATA[21.0]]>
              </value>
            </param>
            <param index="5">
              <value>
                <![CDATA[March]]>
              </value>
            </param>
            <param index="6">
              <value>
                <![CDATA[2002.0]]>
              </value>
            </param>
            <param index="7">
              <value>
                <![CDATA[Hridhya]]>
              </value>
            </param>
            <param index="8">
              <value>
                <![CDATA[Hari]]>
              </value>
            </param>
            <param index="9">
              <value>
                <![CDATA[STC]]>
              </value>
            </param>
            <param index="10">
              <value>
                <![CDATA[Ekm]]>
              </value>
            </param>
            <param index="11">
              <value>
                <![CDATA[Palarivattom]]>
              </value>
            </param>
            <param index="12">
              <value>
                <![CDATA[India]]>
              </value>
            </param>
            <param index="13">
              <value>
                <![CDATA[Kerala]]>
              </value>
            </param>
            <param index="14">
              <value>
                <![CDATA[Ernakulam]]>
              </value>
            </param>
            <param index="15">
              <value>
                <![CDATA[590610.0]]>
              </value>
            </param>
            <param index="16">
              <value>
                <![CDATA[8.059563526E9]]>
              </value>
            </param>
          </params>
          <reporter-output>
          </reporter-output>
        </test-method> <!-- createuser -->
      </class> <!-- com.autom.qa.test.Registerpagetest -->
    </test> <!-- Default test -->
  </suite> <!-- Default suite -->
</testng-results>
